<?xml version="1.0" encoding="UTF-8"?>
<!-- Generated by org.testng.reporters.JUnitReportReporter -->
<testsuite skipped="0" hostname="YP1009097DT" name="com.RestAssured.tests.SimpleGetTest" tests="3" failures="0" timestamp="12 Jun 2019 08:30:21 GMT" time="3.127" errors="0">
  <testcase name="getWeatherDetailsGetMethod" time="1.831" classname="com.RestAssured.tests.SimpleGetTest"/>
  <testcase name="getWeatherDetailsRequestMethod" time="0.683" classname="com.RestAssured.tests.SimpleGetTest"/>
  <testcase name="postDetailsTest" time="0.613" classname="com.RestAssured.tests.SimpleGetTest"/>
</testsuite> <!-- com.RestAssured.tests.SimpleGetTest -->
